Running memory decay at 2026-01-27 03:00:02.675547
✓ Decayed 95 memories

Stats:
  Total: 38698
  Avg Heat: 0.16
  Hot: 55
  Cold: 37643
  Pinned: 1
Running memory decay at 2026-01-31 03:00:03.587250
✓ Decayed 113 memories

Stats:
  Total: 38698
  Avg Heat: 0.15
  Hot: 0
  Cold: 38620
  Pinned: 1
Running memory decay at 2026-02-01 03:00:03.810827
✓ Decayed 104 memories

Stats:
  Total: 38700
  Avg Heat: 0.15
  Hot: 2
  Cold: 38643
  Pinned: 1
Running memory decay at 2026-02-02 03:00:03.089747
✓ Decayed 38712 memories

Stats:
  Total: 38713
  Avg Heat: 0.15
  Hot: 15
  Cold: 38668
  Pinned: 1
Running memory decay at 2026-02-03 03:00:03.757545
✓ Decayed 38712 memories

Stats:
  Total: 38713
  Avg Heat: 0.15
  Hot: 12
  Cold: 38696
  Pinned: 1
